<?xml version="1.0" encoding="UTF-8"?>
<testng-results skipped="0" failed="1" ignored="0" total="15" passed="14">
  <reporter-output>
  </reporter-output>
  <suite name="Default suite" duration-ms="1055316" started-at="2021-07-29T04:34:58Z" finished-at="2021-07-29T04:52:34Z">
    <groups>
    </groups>
    <test name="Default test" duration-ms="1055316" started-at="2021-07-29T04:34:58Z" finished-at="2021-07-29T04:52:34Z">
      <class name="com.magic.test.MainTest">
        <test-method status="FAIL" signature="navigationAndImplementation()[pri:1, instance:com.magic.test.MainTest@6eceb130]" name="navigationAndImplementation" duration-ms="1005013" started-at="2021-07-29T04:34:58Z" finished-at="2021-07-29T04:51:43Z">
          <exception class="org.openqa.selenium.TimeoutException">
            <message>
              <![CDATA[Expected condition failed: waiting for presence of element located by: By.id: next-button (tried for 15 second(s) with 1000 milliseconds interval)]]>
            </message>
            <full-stacktrace>
              <![CDATA[org.openqa.selenium.TimeoutException: Expected condition failed: waiting for presence of element located by: By.id: next-button (tried for 15 second(s) with 1000 milliseconds interval)
at org.openqa.selenium.support.ui.FluentWait.timeoutException(FluentWait.java:315)
at org.openqa.selenium.support.ui.FluentWait.until(FluentWait.java:283)
at com.pearson.utils.Selenium.getWebElement(Selenium.java:80)
at com.pearson.utils.Selenium.click(Selenium.java:456)
at com.magic.pages.StudentViewTesting.test(StudentViewTesting.java:154)
at com.magic.test.MainTest.navigationAndImplementation(MainTest.java:27)
at sun.reflect.NativeMethodAccessorImpl.invoke0(Native Method)
at sun.reflect.NativeMethodAccessorImpl.invoke(Unknown Source)
at sun.reflect.DelegatingMethodAccessorImpl.invoke(Unknown Source)
at java.lang.reflect.Method.invoke(Unknown Source)
at org.testng.internal.MethodInvocationHelper.invokeMethod(MethodInvocationHelper.java:124)
at org.testng.internal.Invoker.invokeMethod(Invoker.java:583)
at org.testng.internal.Invoker.invokeTestMethod(Invoker.java:719)
at org.testng.internal.Invoker.invokeTestMethods(Invoker.java:989)
at org.testng.internal.TestMethodWorker.invokeTestMethods(TestMethodWorker.java:125)
at org.testng.internal.TestMethodWorker.run(TestMethodWorker.java:109)
at org.testng.TestRunner.privateRun(TestRunner.java:648)
at org.testng.TestRunner.run(TestRunner.java:505)
at org.testng.SuiteRunner.runTest(SuiteRunner.java:455)
at org.testng.SuiteRunner.runSequentially(SuiteRunner.java:450)
at org.testng.SuiteRunner.privateRun(SuiteRunner.java:415)
at org.testng.SuiteRunner.run(SuiteRunner.java:364)
at org.testng.SuiteRunnerWorker.runSuite(SuiteRunnerWorker.java:52)
at org.testng.SuiteRunnerWorker.run(SuiteRunnerWorker.java:84)
at org.testng.TestNG.runSuitesSequentially(TestNG.java:1208)
at org.testng.TestNG.runSuitesLocally(TestNG.java:1137)
at org.testng.TestNG.runSuites(TestNG.java:1049)
at org.testng.TestNG.run(TestNG.java:1017)
at org.testng.remote.AbstractRemoteTestNG.run(AbstractRemoteTestNG.java:115)
at org.testng.remote.RemoteTestNG.initAndRun(RemoteTestNG.java:251)
at org.testng.remote.RemoteTestNG.main(RemoteTestNG.java:77)
Caused by: org.openqa.selenium.NoSuchElementException: Cannot locate an element using By.id: next-button
For documentation on this error, please visit: http://seleniumhq.org/exceptions/no_such_element.html
Build info: version: '3.14.0', revision: 'aacccce0', time: '2018-08-02T20:19:58.91Z'
System info: host: 'SADAB', ip: '192.168.43.251', os.name: 'Windows 10', os.arch: 'amd64', os.version: '10.0', java.version: '1.8.0_281'
Driver info: driver.version: unknown
at org.openqa.selenium.support.ui.ExpectedConditions.lambda$findElement$0(ExpectedConditions.java:896)
at java.util.Optional.orElseThrow(Unknown Source)
at org.openqa.selenium.support.ui.ExpectedConditions.findElement(ExpectedConditions.java:895)
at org.openqa.selenium.support.ui.ExpectedConditions.access$000(ExpectedConditions.java:44)
at org.openqa.selenium.support.ui.ExpectedConditions$6.apply(ExpectedConditions.java:183)
at org.openqa.selenium.support.ui.ExpectedConditions$6.apply(ExpectedConditions.java:180)
at org.openqa.selenium.support.ui.FluentWait.until(FluentWait.java:260)
... 29 more
]]>
            </full-stacktrace>
          </exception> <!-- org.openqa.selenium.TimeoutException -->
          <reporter-output>
          </reporter-output>
        </test-method> <!-- navigationAndImplementation -->
        <test-method status="PASS" signature="missingAlt()[pri:2, instance:com.magic.test.MainTest@6eceb130]" name="missingAlt" duration-ms="23759" started-at="2021-07-29T04:51:43Z" finished-at="2021-07-29T04:52:07Z">
          <reporter-output>
          </reporter-output>
        </test-method> <!-- missingAlt -->
        <test-method status="PASS" signature="pageBreak()[pri:3, instance:com.magic.test.MainTest@6eceb130]" name="pageBreak" duration-ms="11123" started-at="2021-07-29T04:52:07Z" finished-at="2021-07-29T04:52:18Z">
          <reporter-output>
          </reporter-output>
        </test-method> <!-- pageBreak -->
        <test-method status="PASS" signature="marqueeOrBlankTagPresence()[pri:4, instance:com.magic.test.MainTest@6eceb130]" name="marqueeOrBlankTagPresence" duration-ms="105" started-at="2021-07-29T04:52:18Z" finished-at="2021-07-29T04:52:18Z">
          <reporter-output>
          </reporter-output>
        </test-method> <!-- marqueeOrBlankTagPresence -->
        <test-method status="PASS" signature="trackTagInsideVideo()[pri:5, instance:com.magic.test.MainTest@6eceb130]" name="trackTagInsideVideo" duration-ms="41" started-at="2021-07-29T04:52:18Z" finished-at="2021-07-29T04:52:18Z">
          <reporter-output>
          </reporter-output>
        </test-method> <!-- trackTagInsideVideo -->
        <test-method status="PASS" signature="headingHierarchy()[pri:6, instance:com.magic.test.MainTest@6eceb130]" name="headingHierarchy" duration-ms="8285" started-at="2021-07-29T04:52:18Z" finished-at="2021-07-29T04:52:27Z">
          <reporter-output>
          </reporter-output>
        </test-method> <!-- headingHierarchy -->
        <test-method status="PASS" signature="blankHeading()[pri:7, instance:com.magic.test.MainTest@6eceb130]" name="blankHeading" duration-ms="587" started-at="2021-07-29T04:52:27Z" finished-at="2021-07-29T04:52:27Z">
          <reporter-output>
          </reporter-output>
        </test-method> <!-- blankHeading -->
        <test-method status="PASS" signature="dataMathMl()[pri:8, instance:com.magic.test.MainTest@6eceb130]" name="dataMathMl" duration-ms="493" started-at="2021-07-29T04:52:27Z" finished-at="2021-07-29T04:52:28Z">
          <reporter-output>
          </reporter-output>
        </test-method> <!-- dataMathMl -->
        <test-method status="PASS" signature="altTextPresent()[pri:9, instance:com.magic.test.MainTest@6eceb130]" name="altTextPresent" duration-ms="4397" started-at="2021-07-29T04:52:28Z" finished-at="2021-07-29T04:52:32Z">
          <reporter-output>
          </reporter-output>
        </test-method> <!-- altTextPresent -->
        <test-method status="PASS" signature="missingAltAndArialabelledby()[pri:10, instance:com.magic.test.MainTest@6eceb130]" name="missingAltAndArialabelledby" duration-ms="1" started-at="2021-07-29T04:52:32Z" finished-at="2021-07-29T04:52:32Z">
          <reporter-output>
          </reporter-output>
        </test-method> <!-- missingAltAndArialabelledby -->
        <test-method status="PASS" signature="altTextLengthGreaterthan155()[pri:11, instance:com.magic.test.MainTest@6eceb130]" name="altTextLengthGreaterthan155" duration-ms="59" started-at="2021-07-29T04:52:32Z" finished-at="2021-07-29T04:52:32Z">
          <reporter-output>
          </reporter-output>
        </test-method> <!-- altTextLengthGreaterthan155 -->
        <test-method status="PASS" signature="mathOperatorNotInMoTag()[pri:12, instance:com.magic.test.MainTest@6eceb130]" name="mathOperatorNotInMoTag" duration-ms="55" started-at="2021-07-29T04:52:32Z" finished-at="2021-07-29T04:52:32Z">
          <reporter-output>
          </reporter-output>
        </test-method> <!-- mathOperatorNotInMoTag -->
        <test-method status="PASS" signature="longdescriptionText()[pri:13, instance:com.magic.test.MainTest@6eceb130]" name="longdescriptionText" duration-ms="1190" started-at="2021-07-29T04:52:32Z" finished-at="2021-07-29T04:52:33Z">
          <reporter-output>
          </reporter-output>
        </test-method> <!-- longdescriptionText -->
        <test-method status="PASS" signature="audioOrVideoExistOnThePage()[pri:14, instance:com.magic.test.MainTest@6eceb130]" name="audioOrVideoExistOnThePage" duration-ms="61" started-at="2021-07-29T04:52:33Z" finished-at="2021-07-29T04:52:34Z">
          <reporter-output>
          </reporter-output>
        </test-method> <!-- audioOrVideoExistOnThePage -->
        <test-method status="PASS" signature="fontSizeDefinedInPxOrPt()[pri:15, instance:com.magic.test.MainTest@6eceb130]" name="fontSizeDefinedInPxOrPt" duration-ms="48" started-at="2021-07-29T04:52:34Z" finished-at="2021-07-29T04:52:34Z">
          <reporter-output>
          </reporter-output>
        </test-method> <!-- fontSizeDefinedInPxOrPt -->
      </class> <!-- com.magic.test.MainTest -->
    </test> <!-- Default test -->
  </suite> <!-- Default suite -->
</testng-results>
