<?xml version="1.0" encoding="UTF-8"?>
<!-- Generated by org.testng.reporters.JUnitReportReporter -->
<testsuite skipped="0" hostname="SADAB" name="com.magic.test.MainTest" tests="15" failures="0" timestamp="29 Jul 2021 04:52:34 GMT" time="1055.217" errors="1">
  <testcase name="navigationAndImplementation" time="1005.013" classname="com.magic.test.MainTest">
    <error type="org.openqa.selenium.TimeoutException" message="Expected condition failed: waiting for presence of element located by: By.id: next-button (tried for 15 second(s) with 1000 milliseconds interval)">
      <![CDATA[org.openqa.selenium.TimeoutException: Expected condition failed: waiting for presence of element located by: By.id: next-button (tried for 15 second(s) with 1000 milliseconds interval)
at org.openqa.selenium.support.ui.FluentWait.timeoutException(FluentWait.java:315)
at org.openqa.selenium.support.ui.FluentWait.until(FluentWait.java:283)
at com.pearson.utils.Selenium.getWebElement(Selenium.java:80)
at com.pearson.utils.Selenium.click(Selenium.java:456)
at com.magic.pages.StudentViewTesting.test(StudentViewTesting.java:154)
at com.magic.test.MainTest.navigationAndImplementation(MainTest.java:27)
at sun.reflect.NativeMethodAccessorImpl.invoke0(Native Method)
at sun.reflect.NativeMethodAccessorImpl.invoke(Unknown Source)
at sun.reflect.DelegatingMethodAccessorImpl.invoke(Unknown Source)
at java.lang.reflect.Method.invoke(Unknown Source)
at org.testng.internal.MethodInvocationHelper.invokeMethod(MethodInvocationHelper.java:124)
at org.testng.internal.Invoker.invokeMethod(Invoker.java:583)
at org.testng.internal.Invoker.invokeTestMethod(Invoker.java:719)
at org.testng.internal.Invoker.invokeTestMethods(Invoker.java:989)
at org.testng.internal.TestMethodWorker.invokeTestMethods(TestMethodWorker.java:125)
at org.testng.internal.TestMethodWorker.run(TestMethodWorker.java:109)
at org.testng.TestRunner.privateRun(TestRunner.java:648)
at org.testng.TestRunner.run(TestRunner.java:505)
at org.testng.SuiteRunner.runTest(SuiteRunner.java:455)
at org.testng.SuiteRunner.runSequentially(SuiteRunner.java:450)
at org.testng.SuiteRunner.privateRun(SuiteRunner.java:415)
at org.testng.SuiteRunner.run(SuiteRunner.java:364)
at org.testng.SuiteRunnerWorker.runSuite(SuiteRunnerWorker.java:52)
at org.testng.SuiteRunnerWorker.run(SuiteRunnerWorker.java:84)
at org.testng.TestNG.runSuitesSequentially(TestNG.java:1208)
at org.testng.TestNG.runSuitesLocally(TestNG.java:1137)
at org.testng.TestNG.runSuites(TestNG.java:1049)
at org.testng.TestNG.run(TestNG.java:1017)
at org.testng.remote.AbstractRemoteTestNG.run(AbstractRemoteTestNG.java:115)
at org.testng.remote.RemoteTestNG.initAndRun(RemoteTestNG.java:251)
at org.testng.remote.RemoteTestNG.main(RemoteTestNG.java:77)
Caused by: org.openqa.selenium.NoSuchElementException: Cannot locate an element using By.id: next-button
For documentation on this error, please visit: http://seleniumhq.org/exceptions/no_such_element.html
Build info: version: '3.14.0', revision: 'aacccce0', time: '2018-08-02T20:19:58.91Z'
System info: host: 'SADAB', ip: '192.168.43.251', os.name: 'Windows 10', os.arch: 'amd64', os.version: '10.0', java.version: '1.8.0_281'
Driver info: driver.version: unknown
at org.openqa.selenium.support.ui.ExpectedConditions.lambda$findElement$0(ExpectedConditions.java:896)
at java.util.Optional.orElseThrow(Unknown Source)
at org.openqa.selenium.support.ui.ExpectedConditions.findElement(ExpectedConditions.java:895)
at org.openqa.selenium.support.ui.ExpectedConditions.access$000(ExpectedConditions.java:44)
at org.openqa.selenium.support.ui.ExpectedConditions$6.apply(ExpectedConditions.java:183)
at org.openqa.selenium.support.ui.ExpectedConditions$6.apply(ExpectedConditions.java:180)
at org.openqa.selenium.support.ui.FluentWait.until(FluentWait.java:260)
... 29 more
]]>
    </error>
  </testcase> <!-- navigationAndImplementation -->
  <testcase name="missingAlt" time="23.759" classname="com.magic.test.MainTest"/>
  <testcase name="pageBreak" time="11.123" classname="com.magic.test.MainTest"/>
  <testcase name="marqueeOrBlankTagPresence" time="0.105" classname="com.magic.test.MainTest"/>
  <testcase name="trackTagInsideVideo" time="0.041" classname="com.magic.test.MainTest"/>
  <testcase name="headingHierarchy" time="8.285" classname="com.magic.test.MainTest"/>
  <testcase name="blankHeading" time="0.587" classname="com.magic.test.MainTest"/>
  <testcase name="dataMathMl" time="0.493" classname="com.magic.test.MainTest"/>
  <testcase name="altTextPresent" time="4.397" classname="com.magic.test.MainTest"/>
  <testcase name="missingAltAndArialabelledby" time="0.001" classname="com.magic.test.MainTest"/>
  <testcase name="altTextLengthGreaterthan155" time="0.059" classname="com.magic.test.MainTest"/>
  <testcase name="mathOperatorNotInMoTag" time="0.055" classname="com.magic.test.MainTest"/>
  <testcase name="longdescriptionText" time="1.190" classname="com.magic.test.MainTest"/>
  <testcase name="audioOrVideoExistOnThePage" time="0.061" classname="com.magic.test.MainTest"/>
  <testcase name="fontSizeDefinedInPxOrPt" time="0.048" classname="com.magic.test.MainTest"/>
</testsuite> <!-- com.magic.test.MainTest -->
